2025-12-15 04:17:27,477:WARNING:
'cuml' is a soft dependency and not included in the pycaret installation. Please run: `pip install cuml` to install.
2025-12-15 04:17:27,478:WARNING:
'cuml' is a soft dependency and not included in the pycaret installation. Please run: `pip install cuml` to install.
2025-12-15 04:17:27,478:WARNING:
'cuml' is a soft dependency and not included in the pycaret installation. Please run: `pip install cuml` to install.
2025-12-15 04:17:27,478:WARNING:
'cuml' is a soft dependency and not included in the pycaret installation. Please run: `pip install cuml` to install.
2025-12-15 04:35:09,564:WARNING:
'cuml' is a soft dependency and not included in the pycaret installation. Please run: `pip install cuml` to install.
2025-12-15 04:35:09,564:WARNING:
'cuml' is a soft dependency and not included in the pycaret installation. Please run: `pip install cuml` to install.
2025-12-15 04:35:09,564:WARNING:
'cuml' is a soft dependency and not included in the pycaret installation. Please run: `pip install cuml` to install.
2025-12-15 04:35:09,564:WARNING:
'cuml' is a soft dependency and not included in the pycaret installation. Please run: `pip install cuml` to install.
2025-12-15 04:35:21,903:INFO:PyCaret ClusteringExperiment
2025-12-15 04:35:21,903:INFO:Logging name: cluster-default-name
2025-12-15 04:35:21,904:INFO:ML Usecase: MLUsecase.CLUSTERING
2025-12-15 04:35:21,904:INFO:version 3.3.0
2025-12-15 04:35:21,905:INFO:Initializing setup()
2025-12-15 04:35:21,905:INFO:self.USI: 6036
2025-12-15 04:35:21,907:INFO:self._variable_keys: {'n_jobs_param', 'pipeline', 'gpu_n_jobs_param', 'data', '_available_plots', 'log_plots_param', 'seed', 'gpu_param', 'idx', '_ml_usecase', 'html_param', 'memory', 'exp_name_log', 'USI', 'exp_id', 'logging_param', 'X'}
2025-12-15 04:35:21,907:INFO:Checking environment
2025-12-15 04:35:21,907:INFO:python_version: 3.11.14
2025-12-15 04:35:21,907:INFO:python_build: ('main', 'Oct 21 2025 18:30:03')
2025-12-15 04:35:21,907:INFO:machine: AMD64
2025-12-15 04:35:21,914:INFO:platform: Windows-10-10.0.22631-SP0
2025-12-15 04:35:21,933:INFO:Memory: svmem(total=16849256448, available=2251452416, percent=86.6, used=14597804032, free=2251452416)
2025-12-15 04:35:21,933:INFO:Physical Core: 10
2025-12-15 04:35:21,933:INFO:Logical Core: 12
2025-12-15 04:35:21,933:INFO:Checking libraries
2025-12-15 04:35:21,933:INFO:System:
2025-12-15 04:35:21,933:INFO:    python: 3.11.14 | packaged by Anaconda, Inc. | (main, Oct 21 2025, 18:30:03) [MSC v.1929 64 bit (AMD64)]
2025-12-15 04:35:21,933:INFO:executable: C:\Users\awolski\AppData\Local\miniconda3\envs\od_zera_do_ai\python.exe
2025-12-15 04:35:21,933:INFO:   machine: Windows-10-10.0.22631-SP0
2025-12-15 04:35:21,933:INFO:PyCaret required dependencies:
2025-12-15 04:35:21,938:WARNING:C:\Users\awolski\AppData\Local\miniconda3\envs\od_zera_do_ai\Lib\site-packages\_distutils_hack\__init__.py:30: UserWarning: Setuptools is replacing distutils. Support for replacing an already imported distutils is deprecated. In the future, this condition will fail. Register concerns at https://github.com/pypa/setuptools/issues/new?template=distutils-deprecation.yml
  warnings.warn(

2025-12-15 04:35:22,076:INFO:                 pip: 25.3
2025-12-15 04:35:22,076:INFO:          setuptools: 80.9.0
2025-12-15 04:35:22,076:INFO:             pycaret: 3.3.0
2025-12-15 04:35:22,076:INFO:             IPython: 9.7.0
2025-12-15 04:35:22,076:INFO:          ipywidgets: 8.1.8
2025-12-15 04:35:22,076:INFO:                tqdm: 4.67.1
2025-12-15 04:35:22,076:INFO:               numpy: 1.26.4
2025-12-15 04:35:22,076:INFO:              pandas: 2.1.4
2025-12-15 04:35:22,076:INFO:              jinja2: 3.1.6
2025-12-15 04:35:22,076:INFO:               scipy: 1.11.4
2025-12-15 04:35:22,076:INFO:              joblib: 1.3.2
2025-12-15 04:35:22,076:INFO:             sklearn: 1.4.2
2025-12-15 04:35:22,076:INFO:                pyod: 2.0.5
2025-12-15 04:35:22,076:INFO:            imblearn: 0.14.0
2025-12-15 04:35:22,076:INFO:   category_encoders: 2.6.0
2025-12-15 04:35:22,076:INFO:            lightgbm: 4.6.0
2025-12-15 04:35:22,076:INFO:               numba: 0.62.1
2025-12-15 04:35:22,076:INFO:            requests: 2.32.5
2025-12-15 04:35:22,077:INFO:          matplotlib: 3.7.5
2025-12-15 04:35:22,077:INFO:          scikitplot: 0.3.7
2025-12-15 04:35:22,077:INFO:         yellowbrick: 1.5
2025-12-15 04:35:22,077:INFO:              plotly: 6.5.0
2025-12-15 04:35:22,077:INFO:    plotly-resampler: Not installed
2025-12-15 04:35:22,077:INFO:             kaleido: 1.2.0
2025-12-15 04:35:22,077:INFO:           schemdraw: 0.15
2025-12-15 04:35:22,077:INFO:         statsmodels: 0.14.5
2025-12-15 04:35:22,077:INFO:              sktime: 0.40.1
2025-12-15 04:35:22,077:INFO:               tbats: 1.1.3
2025-12-15 04:35:22,077:INFO:            pmdarima: 2.0.4
2025-12-15 04:35:22,077:INFO:              psutil: 7.1.3
2025-12-15 04:35:22,077:INFO:          markupsafe: 3.0.3
2025-12-15 04:35:22,077:INFO:             pickle5: Not installed
2025-12-15 04:35:22,077:INFO:         cloudpickle: 3.1.2
2025-12-15 04:35:22,077:INFO:         deprecation: 2.1.0
2025-12-15 04:35:22,077:INFO:              xxhash: 3.6.0
2025-12-15 04:35:22,077:INFO:           wurlitzer: Not installed
2025-12-15 04:35:22,077:INFO:PyCaret optional dependencies:
2025-12-15 04:35:22,090:INFO:                shap: Not installed
2025-12-15 04:35:22,090:INFO:           interpret: Not installed
2025-12-15 04:35:22,090:INFO:                umap: Not installed
2025-12-15 04:35:22,090:INFO:     ydata_profiling: Not installed
2025-12-15 04:35:22,090:INFO:  explainerdashboard: Not installed
2025-12-15 04:35:22,090:INFO:             autoviz: Not installed
2025-12-15 04:35:22,090:INFO:           fairlearn: Not installed
2025-12-15 04:35:22,090:INFO:          deepchecks: Not installed
2025-12-15 04:35:22,090:INFO:             xgboost: Not installed
2025-12-15 04:35:22,090:INFO:            catboost: Not installed
2025-12-15 04:35:22,091:INFO:              kmodes: Not installed
2025-12-15 04:35:22,091:INFO:             mlxtend: Not installed
2025-12-15 04:35:22,091:INFO:       statsforecast: Not installed
2025-12-15 04:35:22,091:INFO:        tune_sklearn: Not installed
2025-12-15 04:35:22,091:INFO:                 ray: Not installed
2025-12-15 04:35:22,091:INFO:            hyperopt: Not installed
2025-12-15 04:35:22,091:INFO:              optuna: Not installed
2025-12-15 04:35:22,091:INFO:               skopt: Not installed
2025-12-15 04:35:22,091:INFO:              mlflow: Not installed
2025-12-15 04:35:22,091:INFO:              gradio: Not installed
2025-12-15 04:35:22,091:INFO:             fastapi: Not installed
2025-12-15 04:35:22,091:INFO:             uvicorn: Not installed
2025-12-15 04:35:22,091:INFO:              m2cgen: Not installed
2025-12-15 04:35:22,091:INFO:           evidently: Not installed
2025-12-15 04:35:22,091:INFO:               fugue: Not installed
2025-12-15 04:35:22,091:INFO:           streamlit: 1.51.0
2025-12-15 04:35:22,091:INFO:             prophet: Not installed
2025-12-15 04:35:22,091:INFO:None
2025-12-15 04:35:22,091:INFO:Set up data.
2025-12-15 04:35:22,094:INFO:Set up index.
2025-12-15 04:35:22,094:INFO:Assigning column types.
2025-12-15 04:35:22,099:INFO:Engine successfully changes for model 'kmeans' to 'sklearn'.
2025-12-15 04:35:22,099:INFO:Engine for model 'dbscan' has not been set explicitly, hence returning None.
2025-12-15 04:35:22,099:WARNING:
'kmodes' is a soft dependency and not included in the pycaret installation. Please run: `pip install kmodes` to install.
Alternately, you can install this by running `pip install pycaret[models]`
2025-12-15 04:35:22,100:INFO:Engine for model 'dbscan' has not been set explicitly, hence returning None.
2025-12-15 04:35:22,100:WARNING:
'kmodes' is a soft dependency and not included in the pycaret installation. Please run: `pip install kmodes` to install.
Alternately, you can install this by running `pip install pycaret[models]`
2025-12-15 04:35:22,100:INFO:Engine successfully changes for model 'dbscan' to 'sklearn'.
2025-12-15 04:35:22,100:WARNING:
'kmodes' is a soft dependency and not included in the pycaret installation. Please run: `pip install kmodes` to install.
Alternately, you can install this by running `pip install pycaret[models]`
2025-12-15 04:35:22,100:WARNING:
'kmodes' is a soft dependency and not included in the pycaret installation. Please run: `pip install kmodes` to install.
Alternately, you can install this by running `pip install pycaret[models]`
2025-12-15 04:35:22,100:INFO:Preparing preprocessing pipeline...
2025-12-15 04:35:22,100:INFO:Set up simple imputation.
2025-12-15 04:35:22,124:INFO:Finished creating preprocessing pipeline.
2025-12-15 04:35:22,133:INFO:Pipeline: Pipeline(memory=FastMemory(location=C:\Users\awolski\AppData\Local\Temp\joblib),
         steps=[('numerical_imputer',
                 TransformerWrapper(include=['pytanie_1', 'pytanie_2',
                                             'pytanie_3', 'pytanie_4',
                                             'pytanie_5'],
                                    transformer=SimpleImputer())),
                ('categorical_imputer',
                 TransformerWrapper(include=[],
                                    transformer=SimpleImputer(strategy='most_frequent')))])
2025-12-15 04:35:22,134:INFO:Creating final display dataframe.
2025-12-15 04:35:22,156:INFO:Setup _display_container:                Description                 Value
0               Session id                  8569
1      Original data shape              (100, 5)
2   Transformed data shape              (100, 5)
3         Numeric features                     5
4               Preprocess                  True
5          Imputation type                simple
6       Numeric imputation                  mean
7   Categorical imputation                  mode
8                 CPU Jobs                    -1
9                  Use GPU                 False
10          Log Experiment                 False
11         Experiment Name  cluster-default-name
12                     USI                  6036
2025-12-15 04:35:22,156:WARNING:
'kmodes' is a soft dependency and not included in the pycaret installation. Please run: `pip install kmodes` to install.
Alternately, you can install this by running `pip install pycaret[models]`
2025-12-15 04:35:22,156:WARNING:
'kmodes' is a soft dependency and not included in the pycaret installation. Please run: `pip install kmodes` to install.
Alternately, you can install this by running `pip install pycaret[models]`
2025-12-15 04:35:22,160:WARNING:C:\Users\awolski\AppData\Local\miniconda3\envs\od_zera_do_ai\Lib\site-packages\pycaret\internal\metrics.py:51: FutureWarning: The `needs_threshold` and `needs_proba` parameter are deprecated in version 1.4 and will be removed in 1.6. You can either let `response_method` be `None` or set it to `predict` to preserve the same behaviour.
  warnings.warn(

2025-12-15 04:35:22,161:INFO:setup() successfully completed in 0.28s...............
2025-12-15 04:35:22,161:INFO:Initializing create_model()
2025-12-15 04:35:22,161:INFO:create_model(self=<pycaret.clustering.oop.ClusteringExperiment object at 0x00000191A1318C90>, estimator=kmeans, num_clusters=4, fraction=0.05, ground_truth=None, round=4, fit_kwargs=None, experiment_custom_tags=None, verbose=True, system=True, add_to_model_list=True, raise_num_clusters=False, display=None, kwargs={})
2025-12-15 04:35:22,161:INFO:Checking exceptions
2025-12-15 04:35:22,173:INFO:Importing untrained model
2025-12-15 04:35:22,173:INFO:K-Means Clustering Imported successfully
2025-12-15 04:35:22,173:INFO:Fitting Model
2025-12-15 04:35:22,296:WARNING:C:\Users\awolski\AppData\Local\miniconda3\envs\od_zera_do_ai\Lib\site-packages\joblib\externals\loky\backend\context.py:136: UserWarning: Could not find the number of physical cores for the following reason:
found 0 physical cores < 1
Returning the number of logical cores instead. You can silence this warning by setting LOKY_MAX_CPU_COUNT to the number of cores you want to use.
  warnings.warn(

2025-12-15 04:35:22,296:WARNING:  File "C:\Users\awolski\AppData\Local\miniconda3\envs\od_zera_do_ai\Lib\site-packages\joblib\externals\loky\backend\context.py", line 282, in _count_physical_cores
2025-12-15 04:35:22,296:WARNING:    raise ValueError(f"found {cpu_count_physical} physical cores < 1")
2025-12-15 04:35:22,328:INFO:KMeans(n_clusters=4, random_state=8569)
2025-12-15 04:35:22,328:INFO:create_models() successfully completed......................................
2025-12-15 04:35:22,328:INFO:Uploading results into container
2025-12-15 04:35:22,328:INFO:Uploading model into container now
2025-12-15 04:35:22,328:INFO:_master_model_container: 1
2025-12-15 04:35:22,328:INFO:_display_container: 2
2025-12-15 04:35:22,328:INFO:KMeans(n_clusters=4, random_state=8569)
2025-12-15 04:35:22,328:INFO:create_model() successfully completed......................................
2025-12-15 04:35:22,414:INFO:Initializing assign_model()
2025-12-15 04:35:22,414:INFO:assign_model(self=<pycaret.clustering.oop.ClusteringExperiment object at 0x00000191A1318C90>, model=KMeans(n_clusters=4, random_state=8569), transformation=False, score=True, verbose=True)
2025-12-15 04:35:22,414:INFO:Checking exceptions
2025-12-15 04:35:22,414:INFO:Determining Trained Model
2025-12-15 04:35:22,414:INFO:Trained Model : K-Means Clustering
2025-12-15 04:35:22,414:INFO:Copying data
2025-12-15 04:35:22,414:INFO:(100, 6)
2025-12-15 04:35:22,414:INFO:assign_model() successfully completed......................................
2025-12-15 12:16:21,817:WARNING:
'cuml' is a soft dependency and not included in the pycaret installation. Please run: `pip install cuml` to install.
2025-12-15 12:16:21,817:WARNING:
'cuml' is a soft dependency and not included in the pycaret installation. Please run: `pip install cuml` to install.
2025-12-15 12:16:21,817:WARNING:
'cuml' is a soft dependency and not included in the pycaret installation. Please run: `pip install cuml` to install.
2025-12-15 12:16:21,817:WARNING:
'cuml' is a soft dependency and not included in the pycaret installation. Please run: `pip install cuml` to install.
2025-12-15 12:16:54,771:INFO:PyCaret ClusteringExperiment
2025-12-15 12:16:54,771:INFO:Logging name: cluster-default-name
2025-12-15 12:16:54,771:INFO:ML Usecase: MLUsecase.CLUSTERING
2025-12-15 12:16:54,771:INFO:version 3.3.0
2025-12-15 12:16:54,771:INFO:Initializing setup()
2025-12-15 12:16:54,771:INFO:self.USI: 7a8e
2025-12-15 12:16:54,771:INFO:self._variable_keys: {'idx', 'logging_param', 'log_plots_param', 'USI', 'memory', 'gpu_n_jobs_param', 'data', '_ml_usecase', 'gpu_param', '_available_plots', 'exp_id', 'X', 'seed', 'exp_name_log', 'pipeline', 'n_jobs_param', 'html_param'}
2025-12-15 12:16:54,771:INFO:Checking environment
2025-12-15 12:16:54,771:INFO:python_version: 3.11.14
2025-12-15 12:16:54,771:INFO:python_build: ('main', 'Oct 21 2025 18:30:03')
2025-12-15 12:16:54,771:INFO:machine: AMD64
2025-12-15 12:16:54,790:INFO:platform: Windows-10-10.0.22631-SP0
2025-12-15 12:16:54,803:INFO:Memory: svmem(total=16849256448, available=3150864384, percent=81.3, used=13698392064, free=3150864384)
2025-12-15 12:16:54,803:INFO:Physical Core: 10
2025-12-15 12:16:54,803:INFO:Logical Core: 12
2025-12-15 12:16:54,803:INFO:Checking libraries
2025-12-15 12:16:54,803:INFO:System:
2025-12-15 12:16:54,803:INFO:    python: 3.11.14 | packaged by Anaconda, Inc. | (main, Oct 21 2025, 18:30:03) [MSC v.1929 64 bit (AMD64)]
2025-12-15 12:16:54,803:INFO:executable: C:\Users\awolski\AppData\Local\miniconda3\envs\od_zera_do_ai\python.exe
2025-12-15 12:16:54,803:INFO:   machine: Windows-10-10.0.22631-SP0
2025-12-15 12:16:54,803:INFO:PyCaret required dependencies:
2025-12-15 12:16:54,810:WARNING:C:\Users\awolski\AppData\Local\miniconda3\envs\od_zera_do_ai\Lib\site-packages\_distutils_hack\__init__.py:30: UserWarning: Setuptools is replacing distutils. Support for replacing an already imported distutils is deprecated. In the future, this condition will fail. Register concerns at https://github.com/pypa/setuptools/issues/new?template=distutils-deprecation.yml
  warnings.warn(

2025-12-15 12:16:54,939:INFO:                 pip: 25.3
2025-12-15 12:16:54,939:INFO:          setuptools: 80.9.0
2025-12-15 12:16:54,939:INFO:             pycaret: 3.3.0
2025-12-15 12:16:54,939:INFO:             IPython: 9.7.0
2025-12-15 12:16:54,939:INFO:          ipywidgets: 8.1.8
2025-12-15 12:16:54,939:INFO:                tqdm: 4.67.1
2025-12-15 12:16:54,939:INFO:               numpy: 1.26.4
2025-12-15 12:16:54,939:INFO:              pandas: 2.1.4
2025-12-15 12:16:54,939:INFO:              jinja2: 3.1.6
2025-12-15 12:16:54,939:INFO:               scipy: 1.11.4
2025-12-15 12:16:54,939:INFO:              joblib: 1.3.2
2025-12-15 12:16:54,939:INFO:             sklearn: 1.4.2
2025-12-15 12:16:54,939:INFO:                pyod: 2.0.5
2025-12-15 12:16:54,939:INFO:            imblearn: 0.14.0
2025-12-15 12:16:54,939:INFO:   category_encoders: 2.6.0
2025-12-15 12:16:54,939:INFO:            lightgbm: 4.6.0
2025-12-15 12:16:54,939:INFO:               numba: 0.62.1
2025-12-15 12:16:54,939:INFO:            requests: 2.32.5
2025-12-15 12:16:54,939:INFO:          matplotlib: 3.7.5
2025-12-15 12:16:54,939:INFO:          scikitplot: 0.3.7
2025-12-15 12:16:54,939:INFO:         yellowbrick: 1.5
2025-12-15 12:16:54,939:INFO:              plotly: 6.5.0
2025-12-15 12:16:54,939:INFO:    plotly-resampler: Not installed
2025-12-15 12:16:54,939:INFO:             kaleido: 1.2.0
2025-12-15 12:16:54,939:INFO:           schemdraw: 0.15
2025-12-15 12:16:54,939:INFO:         statsmodels: 0.14.5
2025-12-15 12:16:54,939:INFO:              sktime: 0.40.1
2025-12-15 12:16:54,939:INFO:               tbats: 1.1.3
2025-12-15 12:16:54,939:INFO:            pmdarima: 2.0.4
2025-12-15 12:16:54,939:INFO:              psutil: 7.1.3
2025-12-15 12:16:54,939:INFO:          markupsafe: 3.0.3
2025-12-15 12:16:54,939:INFO:             pickle5: Not installed
2025-12-15 12:16:54,939:INFO:         cloudpickle: 3.1.2
2025-12-15 12:16:54,939:INFO:         deprecation: 2.1.0
2025-12-15 12:16:54,939:INFO:              xxhash: 3.6.0
2025-12-15 12:16:54,939:INFO:           wurlitzer: Not installed
2025-12-15 12:16:54,939:INFO:PyCaret optional dependencies:
2025-12-15 12:16:54,955:INFO:                shap: Not installed
2025-12-15 12:16:54,955:INFO:           interpret: Not installed
2025-12-15 12:16:54,955:INFO:                umap: Not installed
2025-12-15 12:16:54,955:INFO:     ydata_profiling: Not installed
2025-12-15 12:16:54,955:INFO:  explainerdashboard: Not installed
2025-12-15 12:16:54,955:INFO:             autoviz: Not installed
2025-12-15 12:16:54,955:INFO:           fairlearn: Not installed
2025-12-15 12:16:54,955:INFO:          deepchecks: Not installed
2025-12-15 12:16:54,955:INFO:             xgboost: Not installed
2025-12-15 12:16:54,955:INFO:            catboost: Not installed
2025-12-15 12:16:54,955:INFO:              kmodes: Not installed
2025-12-15 12:16:54,955:INFO:             mlxtend: Not installed
2025-12-15 12:16:54,955:INFO:       statsforecast: Not installed
2025-12-15 12:16:54,955:INFO:        tune_sklearn: Not installed
2025-12-15 12:16:54,955:INFO:                 ray: Not installed
2025-12-15 12:16:54,955:INFO:            hyperopt: Not installed
2025-12-15 12:16:54,955:INFO:              optuna: Not installed
2025-12-15 12:16:54,955:INFO:               skopt: Not installed
2025-12-15 12:16:54,955:INFO:              mlflow: Not installed
2025-12-15 12:16:54,955:INFO:              gradio: Not installed
2025-12-15 12:16:54,955:INFO:             fastapi: Not installed
2025-12-15 12:16:54,955:INFO:             uvicorn: Not installed
2025-12-15 12:16:54,955:INFO:              m2cgen: Not installed
2025-12-15 12:16:54,955:INFO:           evidently: Not installed
2025-12-15 12:16:54,955:INFO:               fugue: Not installed
2025-12-15 12:16:54,955:INFO:           streamlit: 1.51.0
2025-12-15 12:16:54,955:INFO:             prophet: Not installed
2025-12-15 12:16:54,955:INFO:None
2025-12-15 12:16:54,955:INFO:Set up data.
2025-12-15 12:16:54,955:INFO:Set up index.
2025-12-15 12:16:54,955:INFO:Assigning column types.
2025-12-15 12:16:54,964:INFO:Engine successfully changes for model 'kmeans' to 'sklearn'.
2025-12-15 12:16:54,964:INFO:Engine for model 'dbscan' has not been set explicitly, hence returning None.
2025-12-15 12:16:54,964:WARNING:
'kmodes' is a soft dependency and not included in the pycaret installation. Please run: `pip install kmodes` to install.
Alternately, you can install this by running `pip install pycaret[models]`
2025-12-15 12:16:54,964:INFO:Engine for model 'dbscan' has not been set explicitly, hence returning None.
2025-12-15 12:16:54,964:WARNING:
'kmodes' is a soft dependency and not included in the pycaret installation. Please run: `pip install kmodes` to install.
Alternately, you can install this by running `pip install pycaret[models]`
2025-12-15 12:16:54,964:INFO:Engine successfully changes for model 'dbscan' to 'sklearn'.
2025-12-15 12:16:54,964:WARNING:
'kmodes' is a soft dependency and not included in the pycaret installation. Please run: `pip install kmodes` to install.
Alternately, you can install this by running `pip install pycaret[models]`
2025-12-15 12:16:54,964:WARNING:
'kmodes' is a soft dependency and not included in the pycaret installation. Please run: `pip install kmodes` to install.
Alternately, you can install this by running `pip install pycaret[models]`
2025-12-15 12:16:54,970:INFO:Preparing preprocessing pipeline...
2025-12-15 12:16:54,970:INFO:Set up simple imputation.
2025-12-15 12:16:54,990:INFO:Finished creating preprocessing pipeline.
2025-12-15 12:16:55,012:INFO:Pipeline: Pipeline(memory=FastMemory(location=C:\Users\awolski\AppData\Local\Temp\joblib),
         steps=[('numerical_imputer',
                 TransformerWrapper(include=['pytanie_1', 'pytanie_2',
                                             'pytanie_3', 'pytanie_4',
                                             'pytanie_5'],
                                    transformer=SimpleImputer())),
                ('categorical_imputer',
                 TransformerWrapper(include=[],
                                    transformer=SimpleImputer(strategy='most_frequent')))])
2025-12-15 12:16:55,012:INFO:Creating final display dataframe.
2025-12-15 12:16:55,036:INFO:Setup _display_container:                Description                 Value
0               Session id                  6537
1      Original data shape              (100, 5)
2   Transformed data shape              (100, 5)
3         Numeric features                     5
4               Preprocess                  True
5          Imputation type                simple
6       Numeric imputation                  mean
7   Categorical imputation                  mode
8                 CPU Jobs                    -1
9                  Use GPU                 False
10          Log Experiment                 False
11         Experiment Name  cluster-default-name
12                     USI                  7a8e
2025-12-15 12:16:55,036:WARNING:
'kmodes' is a soft dependency and not included in the pycaret installation. Please run: `pip install kmodes` to install.
Alternately, you can install this by running `pip install pycaret[models]`
2025-12-15 12:16:55,036:WARNING:
'kmodes' is a soft dependency and not included in the pycaret installation. Please run: `pip install kmodes` to install.
Alternately, you can install this by running `pip install pycaret[models]`
2025-12-15 12:16:55,036:WARNING:C:\Users\awolski\AppData\Local\miniconda3\envs\od_zera_do_ai\Lib\site-packages\pycaret\internal\metrics.py:51: FutureWarning: The `needs_threshold` and `needs_proba` parameter are deprecated in version 1.4 and will be removed in 1.6. You can either let `response_method` be `None` or set it to `predict` to preserve the same behaviour.
  warnings.warn(

2025-12-15 12:16:55,036:INFO:setup() successfully completed in 0.28s...............
2025-12-15 12:16:55,036:INFO:Initializing create_model()
2025-12-15 12:16:55,036:INFO:create_model(self=<pycaret.clustering.oop.ClusteringExperiment object at 0x000001492A7BF6D0>, estimator=kmeans, num_clusters=4, fraction=0.05, ground_truth=None, round=4, fit_kwargs=None, experiment_custom_tags=None, verbose=True, system=True, add_to_model_list=True, raise_num_clusters=False, display=None, kwargs={})
2025-12-15 12:16:55,036:INFO:Checking exceptions
2025-12-15 12:16:55,053:INFO:Importing untrained model
2025-12-15 12:16:55,053:INFO:K-Means Clustering Imported successfully
2025-12-15 12:16:55,053:INFO:Fitting Model
2025-12-15 12:16:55,193:WARNING:C:\Users\awolski\AppData\Local\miniconda3\envs\od_zera_do_ai\Lib\site-packages\joblib\externals\loky\backend\context.py:136: UserWarning: Could not find the number of physical cores for the following reason:
found 0 physical cores < 1
Returning the number of logical cores instead. You can silence this warning by setting LOKY_MAX_CPU_COUNT to the number of cores you want to use.
  warnings.warn(

2025-12-15 12:16:55,193:WARNING:  File "C:\Users\awolski\AppData\Local\miniconda3\envs\od_zera_do_ai\Lib\site-packages\joblib\externals\loky\backend\context.py", line 282, in _count_physical_cores
2025-12-15 12:16:55,193:WARNING:    raise ValueError(f"found {cpu_count_physical} physical cores < 1")
2025-12-15 12:16:55,212:INFO:KMeans(n_clusters=4, random_state=6537)
2025-12-15 12:16:55,212:INFO:create_models() successfully completed......................................
2025-12-15 12:16:55,212:INFO:Uploading results into container
2025-12-15 12:16:55,212:INFO:Uploading model into container now
2025-12-15 12:16:55,228:INFO:_master_model_container: 1
2025-12-15 12:16:55,228:INFO:_display_container: 2
2025-12-15 12:16:55,228:INFO:KMeans(n_clusters=4, random_state=6537)
2025-12-15 12:16:55,228:INFO:create_model() successfully completed......................................
2025-12-15 12:16:55,350:INFO:Initializing assign_model()
2025-12-15 12:16:55,350:INFO:assign_model(self=<pycaret.clustering.oop.ClusteringExperiment object at 0x000001492A7BF6D0>, model=KMeans(n_clusters=4, random_state=6537), transformation=False, score=True, verbose=True)
2025-12-15 12:16:55,350:INFO:Checking exceptions
2025-12-15 12:16:55,350:INFO:Determining Trained Model
2025-12-15 12:16:55,350:INFO:Trained Model : K-Means Clustering
2025-12-15 12:16:55,350:INFO:Copying data
2025-12-15 12:16:55,354:INFO:(100, 6)
2025-12-15 12:16:55,354:INFO:assign_model() successfully completed......................................
2025-12-15 12:36:49,582:WARNING:
'cuml' is a soft dependency and not included in the pycaret installation. Please run: `pip install cuml` to install.
2025-12-15 12:36:49,582:WARNING:
'cuml' is a soft dependency and not included in the pycaret installation. Please run: `pip install cuml` to install.
2025-12-15 12:36:49,582:WARNING:
'cuml' is a soft dependency and not included in the pycaret installation. Please run: `pip install cuml` to install.
2025-12-15 12:36:49,582:WARNING:
'cuml' is a soft dependency and not included in the pycaret installation. Please run: `pip install cuml` to install.
2025-12-15 12:37:03,660:INFO:PyCaret ClusteringExperiment
2025-12-15 12:37:03,660:INFO:Logging name: cluster-default-name
2025-12-15 12:37:03,660:INFO:ML Usecase: MLUsecase.CLUSTERING
2025-12-15 12:37:03,660:INFO:version 3.3.0
2025-12-15 12:37:03,660:INFO:Initializing setup()
2025-12-15 12:37:03,660:INFO:self.USI: 70ec
2025-12-15 12:37:03,660:INFO:self._variable_keys: {'pipeline', 'gpu_param', '_available_plots', 'seed', 'exp_id', '_ml_usecase', 'gpu_n_jobs_param', 'html_param', 'idx', 'exp_name_log', 'data', 'X', 'n_jobs_param', 'USI', 'logging_param', 'log_plots_param', 'memory'}
2025-12-15 12:37:03,660:INFO:Checking environment
2025-12-15 12:37:03,660:INFO:python_version: 3.11.14
2025-12-15 12:37:03,660:INFO:python_build: ('main', 'Oct 21 2025 18:30:03')
2025-12-15 12:37:03,660:INFO:machine: AMD64
2025-12-15 12:37:03,685:INFO:platform: Windows-10-10.0.22631-SP0
2025-12-15 12:37:03,685:INFO:Memory: svmem(total=16849256448, available=2901196800, percent=82.8, used=13948059648, free=2901196800)
2025-12-15 12:37:03,685:INFO:Physical Core: 10
2025-12-15 12:37:03,685:INFO:Logical Core: 12
2025-12-15 12:37:03,685:INFO:Checking libraries
2025-12-15 12:37:03,685:INFO:System:
2025-12-15 12:37:03,685:INFO:    python: 3.11.14 | packaged by Anaconda, Inc. | (main, Oct 21 2025, 18:30:03) [MSC v.1929 64 bit (AMD64)]
2025-12-15 12:37:03,685:INFO:executable: C:\Users\awolski\AppData\Local\miniconda3\envs\od_zera_do_ai\python.exe
2025-12-15 12:37:03,685:INFO:   machine: Windows-10-10.0.22631-SP0
2025-12-15 12:37:03,685:INFO:PyCaret required dependencies:
2025-12-15 12:37:03,697:WARNING:C:\Users\awolski\AppData\Local\miniconda3\envs\od_zera_do_ai\Lib\site-packages\_distutils_hack\__init__.py:30: UserWarning: Setuptools is replacing distutils. Support for replacing an already imported distutils is deprecated. In the future, this condition will fail. Register concerns at https://github.com/pypa/setuptools/issues/new?template=distutils-deprecation.yml
  warnings.warn(

2025-12-15 12:37:03,730:INFO:                 pip: 25.3
2025-12-15 12:37:03,730:INFO:          setuptools: 80.9.0
2025-12-15 12:37:03,730:INFO:             pycaret: 3.3.0
2025-12-15 12:37:03,730:INFO:             IPython: 9.7.0
2025-12-15 12:37:03,730:INFO:          ipywidgets: 8.1.8
2025-12-15 12:37:03,730:INFO:                tqdm: 4.67.1
2025-12-15 12:37:03,730:INFO:               numpy: 1.26.4
2025-12-15 12:37:03,730:INFO:              pandas: 2.1.4
2025-12-15 12:37:03,730:INFO:              jinja2: 3.1.6
2025-12-15 12:37:03,730:INFO:               scipy: 1.11.4
2025-12-15 12:37:03,730:INFO:              joblib: 1.3.2
2025-12-15 12:37:03,730:INFO:             sklearn: 1.4.2
2025-12-15 12:37:03,730:INFO:                pyod: 2.0.5
2025-12-15 12:37:03,730:INFO:            imblearn: 0.14.0
2025-12-15 12:37:03,730:INFO:   category_encoders: 2.6.0
2025-12-15 12:37:03,730:INFO:            lightgbm: 4.6.0
2025-12-15 12:37:03,730:INFO:               numba: 0.62.1
2025-12-15 12:37:03,730:INFO:            requests: 2.32.5
2025-12-15 12:37:03,730:INFO:          matplotlib: 3.7.5
2025-12-15 12:37:03,730:INFO:          scikitplot: 0.3.7
2025-12-15 12:37:03,730:INFO:         yellowbrick: 1.5
2025-12-15 12:37:03,730:INFO:              plotly: 6.5.0
2025-12-15 12:37:03,730:INFO:    plotly-resampler: Not installed
2025-12-15 12:37:03,730:INFO:             kaleido: 1.2.0
2025-12-15 12:37:03,730:INFO:           schemdraw: 0.15
2025-12-15 12:37:03,730:INFO:         statsmodels: 0.14.5
2025-12-15 12:37:03,730:INFO:              sktime: 0.40.1
2025-12-15 12:37:03,730:INFO:               tbats: 1.1.3
2025-12-15 12:37:03,730:INFO:            pmdarima: 2.0.4
2025-12-15 12:37:03,730:INFO:              psutil: 7.1.3
2025-12-15 12:37:03,730:INFO:          markupsafe: 3.0.3
2025-12-15 12:37:03,730:INFO:             pickle5: Not installed
2025-12-15 12:37:03,730:INFO:         cloudpickle: 3.1.2
2025-12-15 12:37:03,730:INFO:         deprecation: 2.1.0
2025-12-15 12:37:03,730:INFO:              xxhash: 3.6.0
2025-12-15 12:37:03,730:INFO:           wurlitzer: Not installed
2025-12-15 12:37:03,730:INFO:PyCaret optional dependencies:
2025-12-15 12:37:03,738:INFO:                shap: Not installed
2025-12-15 12:37:03,738:INFO:           interpret: Not installed
2025-12-15 12:37:03,738:INFO:                umap: Not installed
2025-12-15 12:37:03,738:INFO:     ydata_profiling: Not installed
2025-12-15 12:37:03,738:INFO:  explainerdashboard: Not installed
2025-12-15 12:37:03,738:INFO:             autoviz: Not installed
2025-12-15 12:37:03,738:INFO:           fairlearn: Not installed
2025-12-15 12:37:03,738:INFO:          deepchecks: Not installed
2025-12-15 12:37:03,738:INFO:             xgboost: Not installed
2025-12-15 12:37:03,738:INFO:            catboost: Not installed
2025-12-15 12:37:03,738:INFO:              kmodes: Not installed
2025-12-15 12:37:03,738:INFO:             mlxtend: Not installed
2025-12-15 12:37:03,738:INFO:       statsforecast: Not installed
2025-12-15 12:37:03,738:INFO:        tune_sklearn: Not installed
2025-12-15 12:37:03,738:INFO:                 ray: Not installed
2025-12-15 12:37:03,738:INFO:            hyperopt: Not installed
2025-12-15 12:37:03,738:INFO:              optuna: Not installed
2025-12-15 12:37:03,746:INFO:               skopt: Not installed
2025-12-15 12:37:03,746:INFO:              mlflow: Not installed
2025-12-15 12:37:03,746:INFO:              gradio: Not installed
2025-12-15 12:37:03,746:INFO:             fastapi: Not installed
2025-12-15 12:37:03,746:INFO:             uvicorn: Not installed
2025-12-15 12:37:03,746:INFO:              m2cgen: Not installed
2025-12-15 12:37:03,746:INFO:           evidently: Not installed
2025-12-15 12:37:03,746:INFO:               fugue: Not installed
2025-12-15 12:37:03,746:INFO:           streamlit: 1.51.0
2025-12-15 12:37:03,746:INFO:             prophet: Not installed
2025-12-15 12:37:03,746:INFO:None
2025-12-15 12:37:03,746:INFO:Set up data.
2025-12-15 12:37:03,749:INFO:Set up index.
2025-12-15 12:37:03,749:INFO:Assigning column types.
2025-12-15 12:37:03,749:INFO:Engine successfully changes for model 'kmeans' to 'sklearn'.
2025-12-15 12:37:03,749:INFO:Engine for model 'dbscan' has not been set explicitly, hence returning None.
2025-12-15 12:37:03,749:WARNING:
'kmodes' is a soft dependency and not included in the pycaret installation. Please run: `pip install kmodes` to install.
Alternately, you can install this by running `pip install pycaret[models]`
2025-12-15 12:37:03,749:INFO:Engine for model 'dbscan' has not been set explicitly, hence returning None.
2025-12-15 12:37:03,749:WARNING:
'kmodes' is a soft dependency and not included in the pycaret installation. Please run: `pip install kmodes` to install.
Alternately, you can install this by running `pip install pycaret[models]`
2025-12-15 12:37:03,749:INFO:Engine successfully changes for model 'dbscan' to 'sklearn'.
2025-12-15 12:37:03,749:WARNING:
'kmodes' is a soft dependency and not included in the pycaret installation. Please run: `pip install kmodes` to install.
Alternately, you can install this by running `pip install pycaret[models]`
2025-12-15 12:37:03,749:WARNING:
'kmodes' is a soft dependency and not included in the pycaret installation. Please run: `pip install kmodes` to install.
Alternately, you can install this by running `pip install pycaret[models]`
2025-12-15 12:37:03,753:INFO:Preparing preprocessing pipeline...
2025-12-15 12:37:03,754:INFO:Set up simple imputation.
2025-12-15 12:37:03,771:INFO:Finished creating preprocessing pipeline.
2025-12-15 12:37:03,771:INFO:Pipeline: Pipeline(memory=FastMemory(location=C:\Users\awolski\AppData\Local\Temp\joblib),
         steps=[('numerical_imputer',
                 TransformerWrapper(include=['pytanie_1', 'pytanie_2',
                                             'pytanie_3', 'pytanie_4',
                                             'pytanie_5'],
                                    transformer=SimpleImputer())),
                ('categorical_imputer',
                 TransformerWrapper(include=[],
                                    transformer=SimpleImputer(strategy='most_frequent')))])
2025-12-15 12:37:03,771:INFO:Creating final display dataframe.
2025-12-15 12:37:03,796:INFO:Setup _display_container:                Description                 Value
0               Session id                  5160
1      Original data shape              (100, 5)
2   Transformed data shape              (100, 5)
3         Numeric features                     5
4               Preprocess                  True
5          Imputation type                simple
6       Numeric imputation                  mean
7   Categorical imputation                  mode
8                 CPU Jobs                    -1
9                  Use GPU                 False
10          Log Experiment                 False
11         Experiment Name  cluster-default-name
12                     USI                  70ec
2025-12-15 12:37:03,796:WARNING:
'kmodes' is a soft dependency and not included in the pycaret installation. Please run: `pip install kmodes` to install.
Alternately, you can install this by running `pip install pycaret[models]`
2025-12-15 12:37:03,796:WARNING:
'kmodes' is a soft dependency and not included in the pycaret installation. Please run: `pip install kmodes` to install.
Alternately, you can install this by running `pip install pycaret[models]`
2025-12-15 12:37:03,799:WARNING:C:\Users\awolski\AppData\Local\miniconda3\envs\od_zera_do_ai\Lib\site-packages\pycaret\internal\metrics.py:51: FutureWarning: The `needs_threshold` and `needs_proba` parameter are deprecated in version 1.4 and will be removed in 1.6. You can either let `response_method` be `None` or set it to `predict` to preserve the same behaviour.
  warnings.warn(

2025-12-15 12:37:03,799:INFO:setup() successfully completed in 0.16s...............
2025-12-15 12:37:03,799:INFO:Initializing create_model()
2025-12-15 12:37:03,799:INFO:create_model(self=<pycaret.clustering.oop.ClusteringExperiment object at 0x0000014E7563C750>, estimator=kmeans, num_clusters=4, fraction=0.05, ground_truth=None, round=4, fit_kwargs=None, experiment_custom_tags=None, verbose=True, system=True, add_to_model_list=True, raise_num_clusters=False, display=None, kwargs={})
2025-12-15 12:37:03,799:INFO:Checking exceptions
2025-12-15 12:37:03,812:INFO:Importing untrained model
2025-12-15 12:37:03,812:INFO:K-Means Clustering Imported successfully
2025-12-15 12:37:03,812:INFO:Fitting Model
2025-12-15 12:37:03,926:WARNING:C:\Users\awolski\AppData\Local\miniconda3\envs\od_zera_do_ai\Lib\site-packages\joblib\externals\loky\backend\context.py:136: UserWarning: Could not find the number of physical cores for the following reason:
found 0 physical cores < 1
Returning the number of logical cores instead. You can silence this warning by setting LOKY_MAX_CPU_COUNT to the number of cores you want to use.
  warnings.warn(

2025-12-15 12:37:03,926:WARNING:  File "C:\Users\awolski\AppData\Local\miniconda3\envs\od_zera_do_ai\Lib\site-packages\joblib\externals\loky\backend\context.py", line 282, in _count_physical_cores
2025-12-15 12:37:03,926:WARNING:    raise ValueError(f"found {cpu_count_physical} physical cores < 1")
2025-12-15 12:37:03,932:INFO:KMeans(n_clusters=4, random_state=5160)
2025-12-15 12:37:03,932:INFO:create_models() successfully completed......................................
2025-12-15 12:37:03,932:INFO:Uploading results into container
2025-12-15 12:37:03,932:INFO:Uploading model into container now
2025-12-15 12:37:03,954:INFO:_master_model_container: 1
2025-12-15 12:37:03,954:INFO:_display_container: 2
2025-12-15 12:37:03,954:INFO:KMeans(n_clusters=4, random_state=5160)
2025-12-15 12:37:03,954:INFO:create_model() successfully completed......................................
2025-12-15 12:37:04,066:INFO:Initializing assign_model()
2025-12-15 12:37:04,066:INFO:assign_model(self=<pycaret.clustering.oop.ClusteringExperiment object at 0x0000014E7563C750>, model=KMeans(n_clusters=4, random_state=5160), transformation=False, score=True, verbose=True)
2025-12-15 12:37:04,066:INFO:Checking exceptions
2025-12-15 12:37:04,066:INFO:Determining Trained Model
2025-12-15 12:37:04,066:INFO:Trained Model : K-Means Clustering
2025-12-15 12:37:04,066:INFO:Copying data
2025-12-15 12:37:04,066:INFO:(100, 6)
2025-12-15 12:37:04,082:INFO:assign_model() successfully completed......................................
2025-12-15 18:06:47,583:WARNING:
'cuml' is a soft dependency and not included in the pycaret installation. Please run: `pip install cuml` to install.
2025-12-15 18:06:47,584:WARNING:
'cuml' is a soft dependency and not included in the pycaret installation. Please run: `pip install cuml` to install.
2025-12-15 18:06:47,584:WARNING:
'cuml' is a soft dependency and not included in the pycaret installation. Please run: `pip install cuml` to install.
2025-12-15 18:06:47,584:WARNING:
'cuml' is a soft dependency and not included in the pycaret installation. Please run: `pip install cuml` to install.
2025-12-15 18:22:01,170:WARNING:
'cuml' is a soft dependency and not included in the pycaret installation. Please run: `pip install cuml` to install.
2025-12-15 18:22:01,170:WARNING:
'cuml' is a soft dependency and not included in the pycaret installation. Please run: `pip install cuml` to install.
2025-12-15 18:22:01,170:WARNING:
'cuml' is a soft dependency and not included in the pycaret installation. Please run: `pip install cuml` to install.
2025-12-15 18:22:01,170:WARNING:
'cuml' is a soft dependency and not included in the pycaret installation. Please run: `pip install cuml` to install.
2025-12-15 18:22:17,671:INFO:PyCaret ClusteringExperiment
2025-12-15 18:22:17,671:INFO:Logging name: cluster-default-name
2025-12-15 18:22:17,671:INFO:ML Usecase: MLUsecase.CLUSTERING
2025-12-15 18:22:17,671:INFO:version 3.3.0
2025-12-15 18:22:17,671:INFO:Initializing setup()
2025-12-15 18:22:17,671:INFO:self.USI: f4ad
2025-12-15 18:22:17,671:INFO:self._variable_keys: {'n_jobs_param', 'idx', 'pipeline', 'gpu_param', 'log_plots_param', 'exp_id', '_ml_usecase', 'html_param', 'memory', 'data', 'gpu_n_jobs_param', 'logging_param', 'exp_name_log', 'USI', 'seed', '_available_plots', 'X'}
2025-12-15 18:22:17,671:INFO:Checking environment
2025-12-15 18:22:17,671:INFO:python_version: 3.11.14
2025-12-15 18:22:17,671:INFO:python_build: ('main', 'Oct 21 2025 18:30:03')
2025-12-15 18:22:17,671:INFO:machine: AMD64
2025-12-15 18:22:17,690:INFO:platform: Windows-10-10.0.22631-SP0
2025-12-15 18:22:17,690:INFO:Memory: svmem(total=16849256448, available=2905411584, percent=82.8, used=13943844864, free=2905411584)
2025-12-15 18:22:17,690:INFO:Physical Core: 10
2025-12-15 18:22:17,690:INFO:Logical Core: 12
2025-12-15 18:22:17,690:INFO:Checking libraries
2025-12-15 18:22:17,690:INFO:System:
2025-12-15 18:22:17,690:INFO:    python: 3.11.14 | packaged by Anaconda, Inc. | (main, Oct 21 2025, 18:30:03) [MSC v.1929 64 bit (AMD64)]
2025-12-15 18:22:17,690:INFO:executable: C:\Users\awolski\AppData\Local\miniconda3\envs\od_zera_do_ai\python.exe
2025-12-15 18:22:17,690:INFO:   machine: Windows-10-10.0.22631-SP0
2025-12-15 18:22:17,690:INFO:PyCaret required dependencies:
2025-12-15 18:22:17,690:WARNING:C:\Users\awolski\AppData\Local\miniconda3\envs\od_zera_do_ai\Lib\site-packages\_distutils_hack\__init__.py:30: UserWarning: Setuptools is replacing distutils. Support for replacing an already imported distutils is deprecated. In the future, this condition will fail. Register concerns at https://github.com/pypa/setuptools/issues/new?template=distutils-deprecation.yml
  warnings.warn(

2025-12-15 18:22:17,732:INFO:                 pip: 25.3
2025-12-15 18:22:17,732:INFO:          setuptools: 80.9.0
2025-12-15 18:22:17,732:INFO:             pycaret: 3.3.0
2025-12-15 18:22:17,732:INFO:             IPython: 9.7.0
2025-12-15 18:22:17,732:INFO:          ipywidgets: 8.1.8
2025-12-15 18:22:17,732:INFO:                tqdm: 4.67.1
2025-12-15 18:22:17,732:INFO:               numpy: 1.26.4
2025-12-15 18:22:17,732:INFO:              pandas: 2.1.4
2025-12-15 18:22:17,732:INFO:              jinja2: 3.1.6
2025-12-15 18:22:17,732:INFO:               scipy: 1.11.4
2025-12-15 18:22:17,733:INFO:              joblib: 1.3.2
2025-12-15 18:22:17,733:INFO:             sklearn: 1.4.2
2025-12-15 18:22:17,733:INFO:                pyod: 2.0.5
2025-12-15 18:22:17,733:INFO:            imblearn: 0.14.0
2025-12-15 18:22:17,733:INFO:   category_encoders: 2.6.0
2025-12-15 18:22:17,733:INFO:            lightgbm: 4.6.0
2025-12-15 18:22:17,733:INFO:               numba: 0.62.1
2025-12-15 18:22:17,733:INFO:            requests: 2.32.5
2025-12-15 18:22:17,733:INFO:          matplotlib: 3.7.5
2025-12-15 18:22:17,733:INFO:          scikitplot: 0.3.7
2025-12-15 18:22:17,733:INFO:         yellowbrick: 1.5
2025-12-15 18:22:17,733:INFO:              plotly: 6.5.0
2025-12-15 18:22:17,733:INFO:    plotly-resampler: Not installed
2025-12-15 18:22:17,733:INFO:             kaleido: 1.2.0
2025-12-15 18:22:17,733:INFO:           schemdraw: 0.15
2025-12-15 18:22:17,733:INFO:         statsmodels: 0.14.5
2025-12-15 18:22:17,733:INFO:              sktime: 0.40.1
2025-12-15 18:22:17,733:INFO:               tbats: 1.1.3
2025-12-15 18:22:17,733:INFO:            pmdarima: 2.0.4
2025-12-15 18:22:17,733:INFO:              psutil: 7.1.3
2025-12-15 18:22:17,733:INFO:          markupsafe: 3.0.3
2025-12-15 18:22:17,733:INFO:             pickle5: Not installed
2025-12-15 18:22:17,734:INFO:         cloudpickle: 3.1.2
2025-12-15 18:22:17,734:INFO:         deprecation: 2.1.0
2025-12-15 18:22:17,734:INFO:              xxhash: 3.6.0
2025-12-15 18:22:17,734:INFO:           wurlitzer: Not installed
2025-12-15 18:22:17,734:INFO:PyCaret optional dependencies:
2025-12-15 18:22:17,740:INFO:                shap: Not installed
2025-12-15 18:22:17,740:INFO:           interpret: Not installed
2025-12-15 18:22:17,740:INFO:                umap: Not installed
2025-12-15 18:22:17,740:INFO:     ydata_profiling: Not installed
2025-12-15 18:22:17,740:INFO:  explainerdashboard: Not installed
2025-12-15 18:22:17,740:INFO:             autoviz: Not installed
2025-12-15 18:22:17,740:INFO:           fairlearn: Not installed
2025-12-15 18:22:17,740:INFO:          deepchecks: Not installed
2025-12-15 18:22:17,740:INFO:             xgboost: Not installed
2025-12-15 18:22:17,740:INFO:            catboost: Not installed
2025-12-15 18:22:17,740:INFO:              kmodes: Not installed
2025-12-15 18:22:17,740:INFO:             mlxtend: Not installed
2025-12-15 18:22:17,740:INFO:       statsforecast: Not installed
2025-12-15 18:22:17,740:INFO:        tune_sklearn: Not installed
2025-12-15 18:22:17,740:INFO:                 ray: Not installed
2025-12-15 18:22:17,740:INFO:            hyperopt: Not installed
2025-12-15 18:22:17,740:INFO:              optuna: Not installed
2025-12-15 18:22:17,740:INFO:               skopt: Not installed
2025-12-15 18:22:17,740:INFO:              mlflow: Not installed
2025-12-15 18:22:17,740:INFO:              gradio: Not installed
2025-12-15 18:22:17,740:INFO:             fastapi: Not installed
2025-12-15 18:22:17,740:INFO:             uvicorn: Not installed
2025-12-15 18:22:17,740:INFO:              m2cgen: Not installed
2025-12-15 18:22:17,740:INFO:           evidently: Not installed
2025-12-15 18:22:17,740:INFO:               fugue: Not installed
2025-12-15 18:22:17,740:INFO:           streamlit: 1.51.0
2025-12-15 18:22:17,740:INFO:             prophet: Not installed
2025-12-15 18:22:17,740:INFO:None
2025-12-15 18:22:17,740:INFO:Set up data.
2025-12-15 18:22:17,740:INFO:Set up index.
2025-12-15 18:22:17,740:INFO:Assigning column types.
2025-12-15 18:22:17,740:INFO:Engine successfully changes for model 'kmeans' to 'sklearn'.
2025-12-15 18:22:17,740:INFO:Engine for model 'dbscan' has not been set explicitly, hence returning None.
2025-12-15 18:22:17,740:WARNING:
'kmodes' is a soft dependency and not included in the pycaret installation. Please run: `pip install kmodes` to install.
Alternately, you can install this by running `pip install pycaret[models]`
2025-12-15 18:22:17,740:INFO:Engine for model 'dbscan' has not been set explicitly, hence returning None.
2025-12-15 18:22:17,740:WARNING:
'kmodes' is a soft dependency and not included in the pycaret installation. Please run: `pip install kmodes` to install.
Alternately, you can install this by running `pip install pycaret[models]`
2025-12-15 18:22:17,740:INFO:Engine successfully changes for model 'dbscan' to 'sklearn'.
2025-12-15 18:22:17,740:WARNING:
'kmodes' is a soft dependency and not included in the pycaret installation. Please run: `pip install kmodes` to install.
Alternately, you can install this by running `pip install pycaret[models]`
2025-12-15 18:22:17,753:WARNING:
'kmodes' is a soft dependency and not included in the pycaret installation. Please run: `pip install kmodes` to install.
Alternately, you can install this by running `pip install pycaret[models]`
2025-12-15 18:22:17,755:INFO:Preparing preprocessing pipeline...
2025-12-15 18:22:17,755:INFO:Set up simple imputation.
2025-12-15 18:22:17,776:INFO:Finished creating preprocessing pipeline.
2025-12-15 18:22:17,776:INFO:Pipeline: Pipeline(memory=FastMemory(location=C:\Users\awolski\AppData\Local\Temp\joblib),
         steps=[('numerical_imputer',
                 TransformerWrapper(include=['pytanie_1', 'pytanie_2',
                                             'pytanie_3', 'pytanie_4',
                                             'pytanie_5'],
                                    transformer=SimpleImputer())),
                ('categorical_imputer',
                 TransformerWrapper(include=[],
                                    transformer=SimpleImputer(strategy='most_frequent')))])
2025-12-15 18:22:17,776:INFO:Creating final display dataframe.
2025-12-15 18:22:17,806:INFO:Setup _display_container:                Description                 Value
0               Session id                  3392
1      Original data shape              (100, 5)
2   Transformed data shape              (100, 5)
3         Numeric features                     5
4               Preprocess                  True
5          Imputation type                simple
6       Numeric imputation                  mean
7   Categorical imputation                  mode
8                 CPU Jobs                    -1
9                  Use GPU                 False
10          Log Experiment                 False
11         Experiment Name  cluster-default-name
12                     USI                  f4ad
2025-12-15 18:22:17,806:WARNING:
'kmodes' is a soft dependency and not included in the pycaret installation. Please run: `pip install kmodes` to install.
Alternately, you can install this by running `pip install pycaret[models]`
2025-12-15 18:22:17,806:WARNING:
'kmodes' is a soft dependency and not included in the pycaret installation. Please run: `pip install kmodes` to install.
Alternately, you can install this by running `pip install pycaret[models]`
2025-12-15 18:22:17,811:WARNING:C:\Users\awolski\AppData\Local\miniconda3\envs\od_zera_do_ai\Lib\site-packages\pycaret\internal\metrics.py:51: FutureWarning: The `needs_threshold` and `needs_proba` parameter are deprecated in version 1.4 and will be removed in 1.6. You can either let `response_method` be `None` or set it to `predict` to preserve the same behaviour.
  warnings.warn(

2025-12-15 18:22:17,811:INFO:setup() successfully completed in 0.15s...............
2025-12-15 18:22:17,811:INFO:Initializing create_model()
2025-12-15 18:22:17,811:INFO:create_model(self=<pycaret.clustering.oop.ClusteringExperiment object at 0x00000239ADC13610>, estimator=kmeans, num_clusters=4, fraction=0.05, ground_truth=None, round=4, fit_kwargs=None, experiment_custom_tags=None, verbose=True, system=True, add_to_model_list=True, raise_num_clusters=False, display=None, kwargs={})
2025-12-15 18:22:17,811:INFO:Checking exceptions
2025-12-15 18:22:17,824:INFO:Importing untrained model
2025-12-15 18:22:17,825:INFO:K-Means Clustering Imported successfully
2025-12-15 18:22:17,825:INFO:Fitting Model
2025-12-15 18:22:17,936:WARNING:C:\Users\awolski\AppData\Local\miniconda3\envs\od_zera_do_ai\Lib\site-packages\joblib\externals\loky\backend\context.py:136: UserWarning: Could not find the number of physical cores for the following reason:
found 0 physical cores < 1
Returning the number of logical cores instead. You can silence this warning by setting LOKY_MAX_CPU_COUNT to the number of cores you want to use.
  warnings.warn(

2025-12-15 18:22:17,937:WARNING:  File "C:\Users\awolski\AppData\Local\miniconda3\envs\od_zera_do_ai\Lib\site-packages\joblib\externals\loky\backend\context.py", line 282, in _count_physical_cores
2025-12-15 18:22:17,937:WARNING:    raise ValueError(f"found {cpu_count_physical} physical cores < 1")
2025-12-15 18:22:17,950:INFO:KMeans(n_clusters=4, random_state=3392)
2025-12-15 18:22:17,950:INFO:create_models() successfully completed......................................
2025-12-15 18:22:17,950:INFO:Uploading results into container
2025-12-15 18:22:17,951:INFO:Uploading model into container now
2025-12-15 18:22:17,957:INFO:_master_model_container: 1
2025-12-15 18:22:17,957:INFO:_display_container: 2
2025-12-15 18:22:17,957:INFO:KMeans(n_clusters=4, random_state=3392)
2025-12-15 18:22:17,958:INFO:create_model() successfully completed......................................
2025-12-15 18:22:18,032:INFO:Initializing assign_model()
2025-12-15 18:22:18,032:INFO:assign_model(self=<pycaret.clustering.oop.ClusteringExperiment object at 0x00000239ADC13610>, model=KMeans(n_clusters=4, random_state=3392), transformation=False, score=True, verbose=True)
2025-12-15 18:22:18,032:INFO:Checking exceptions
2025-12-15 18:22:18,032:INFO:Determining Trained Model
2025-12-15 18:22:18,032:INFO:Trained Model : K-Means Clustering
2025-12-15 18:22:18,032:INFO:Copying data
2025-12-15 18:22:18,032:INFO:(100, 6)
2025-12-15 18:22:18,032:INFO:assign_model() successfully completed......................................
2025-12-15 18:22:35,854:INFO:PyCaret ClusteringExperiment
2025-12-15 18:22:35,854:INFO:Logging name: cluster-default-name
2025-12-15 18:22:35,854:INFO:ML Usecase: MLUsecase.CLUSTERING
2025-12-15 18:22:35,854:INFO:version 3.3.0
2025-12-15 18:22:35,854:INFO:Initializing setup()
2025-12-15 18:22:35,854:INFO:self.USI: 58e8
2025-12-15 18:22:35,854:INFO:self._variable_keys: {'n_jobs_param', 'idx', 'pipeline', 'gpu_param', 'log_plots_param', 'exp_id', '_ml_usecase', 'html_param', 'memory', 'data', 'gpu_n_jobs_param', 'logging_param', 'exp_name_log', 'USI', 'seed', '_available_plots', 'X'}
2025-12-15 18:22:35,855:INFO:Checking environment
2025-12-15 18:22:35,855:INFO:python_version: 3.11.14
2025-12-15 18:22:35,855:INFO:python_build: ('main', 'Oct 21 2025 18:30:03')
2025-12-15 18:22:35,855:INFO:machine: AMD64
2025-12-15 18:22:35,855:INFO:platform: Windows-10-10.0.22631-SP0
2025-12-15 18:22:35,861:INFO:Memory: svmem(total=16849256448, available=2956128256, percent=82.5, used=13893128192, free=2956128256)
2025-12-15 18:22:35,861:INFO:Physical Core: 10
2025-12-15 18:22:35,861:INFO:Logical Core: 12
2025-12-15 18:22:35,861:INFO:Checking libraries
2025-12-15 18:22:35,861:INFO:System:
2025-12-15 18:22:35,861:INFO:    python: 3.11.14 | packaged by Anaconda, Inc. | (main, Oct 21 2025, 18:30:03) [MSC v.1929 64 bit (AMD64)]
2025-12-15 18:22:35,861:INFO:executable: C:\Users\awolski\AppData\Local\miniconda3\envs\od_zera_do_ai\python.exe
2025-12-15 18:22:35,861:INFO:   machine: Windows-10-10.0.22631-SP0
2025-12-15 18:22:35,861:INFO:PyCaret required dependencies:
2025-12-15 18:22:35,861:INFO:                 pip: 25.3
2025-12-15 18:22:35,861:INFO:          setuptools: 80.9.0
2025-12-15 18:22:35,861:INFO:             pycaret: 3.3.0
2025-12-15 18:22:35,861:INFO:             IPython: 9.7.0
2025-12-15 18:22:35,861:INFO:          ipywidgets: 8.1.8
2025-12-15 18:22:35,861:INFO:                tqdm: 4.67.1
2025-12-15 18:22:35,862:INFO:               numpy: 1.26.4
2025-12-15 18:22:35,862:INFO:              pandas: 2.1.4
2025-12-15 18:22:35,862:INFO:              jinja2: 3.1.6
2025-12-15 18:22:35,862:INFO:               scipy: 1.11.4
2025-12-15 18:22:35,862:INFO:              joblib: 1.3.2
2025-12-15 18:22:35,862:INFO:             sklearn: 1.4.2
2025-12-15 18:22:35,862:INFO:                pyod: 2.0.5
2025-12-15 18:22:35,862:INFO:            imblearn: 0.14.0
2025-12-15 18:22:35,862:INFO:   category_encoders: 2.6.0
2025-12-15 18:22:35,862:INFO:            lightgbm: 4.6.0
2025-12-15 18:22:35,862:INFO:               numba: 0.62.1
2025-12-15 18:22:35,862:INFO:            requests: 2.32.5
2025-12-15 18:22:35,862:INFO:          matplotlib: 3.7.5
2025-12-15 18:22:35,862:INFO:          scikitplot: 0.3.7
2025-12-15 18:22:35,862:INFO:         yellowbrick: 1.5
2025-12-15 18:22:35,862:INFO:              plotly: 6.5.0
2025-12-15 18:22:35,862:INFO:    plotly-resampler: Not installed
2025-12-15 18:22:35,862:INFO:             kaleido: 1.2.0
2025-12-15 18:22:35,862:INFO:           schemdraw: 0.15
2025-12-15 18:22:35,862:INFO:         statsmodels: 0.14.5
2025-12-15 18:22:35,862:INFO:              sktime: 0.40.1
2025-12-15 18:22:35,862:INFO:               tbats: 1.1.3
2025-12-15 18:22:35,863:INFO:            pmdarima: 2.0.4
2025-12-15 18:22:35,863:INFO:              psutil: 7.1.3
2025-12-15 18:22:35,863:INFO:          markupsafe: 3.0.3
2025-12-15 18:22:35,863:INFO:             pickle5: Not installed
2025-12-15 18:22:35,863:INFO:         cloudpickle: 3.1.2
2025-12-15 18:22:35,863:INFO:         deprecation: 2.1.0
2025-12-15 18:22:35,863:INFO:              xxhash: 3.6.0
2025-12-15 18:22:35,863:INFO:           wurlitzer: Not installed
2025-12-15 18:22:35,863:INFO:PyCaret optional dependencies:
2025-12-15 18:22:35,863:INFO:                shap: Not installed
2025-12-15 18:22:35,863:INFO:           interpret: Not installed
2025-12-15 18:22:35,863:INFO:                umap: Not installed
2025-12-15 18:22:35,863:INFO:     ydata_profiling: Not installed
2025-12-15 18:22:35,863:INFO:  explainerdashboard: Not installed
2025-12-15 18:22:35,863:INFO:             autoviz: Not installed
2025-12-15 18:22:35,863:INFO:           fairlearn: Not installed
2025-12-15 18:22:35,863:INFO:          deepchecks: Not installed
2025-12-15 18:22:35,863:INFO:             xgboost: Not installed
2025-12-15 18:22:35,864:INFO:            catboost: Not installed
2025-12-15 18:22:35,864:INFO:              kmodes: Not installed
2025-12-15 18:22:35,864:INFO:             mlxtend: Not installed
2025-12-15 18:22:35,864:INFO:       statsforecast: Not installed
2025-12-15 18:22:35,864:INFO:        tune_sklearn: Not installed
2025-12-15 18:22:35,864:INFO:                 ray: Not installed
2025-12-15 18:22:35,864:INFO:            hyperopt: Not installed
2025-12-15 18:22:35,864:INFO:              optuna: Not installed
2025-12-15 18:22:35,864:INFO:               skopt: Not installed
2025-12-15 18:22:35,864:INFO:              mlflow: Not installed
2025-12-15 18:22:35,864:INFO:              gradio: Not installed
2025-12-15 18:22:35,864:INFO:             fastapi: Not installed
2025-12-15 18:22:35,864:INFO:             uvicorn: Not installed
2025-12-15 18:22:35,864:INFO:              m2cgen: Not installed
2025-12-15 18:22:35,864:INFO:           evidently: Not installed
2025-12-15 18:22:35,864:INFO:               fugue: Not installed
2025-12-15 18:22:35,864:INFO:           streamlit: 1.51.0
2025-12-15 18:22:35,864:INFO:             prophet: Not installed
2025-12-15 18:22:35,864:INFO:None
2025-12-15 18:22:35,864:INFO:Set up data.
2025-12-15 18:22:35,864:INFO:Set up index.
2025-12-15 18:22:35,864:INFO:Assigning column types.
2025-12-15 18:22:35,864:INFO:Engine successfully changes for model 'kmeans' to 'sklearn'.
2025-12-15 18:22:35,864:INFO:Engine for model 'dbscan' has not been set explicitly, hence returning None.
2025-12-15 18:22:35,864:WARNING:
'kmodes' is a soft dependency and not included in the pycaret installation. Please run: `pip install kmodes` to install.
Alternately, you can install this by running `pip install pycaret[models]`
2025-12-15 18:22:35,864:INFO:Engine for model 'dbscan' has not been set explicitly, hence returning None.
2025-12-15 18:22:35,864:WARNING:
'kmodes' is a soft dependency and not included in the pycaret installation. Please run: `pip install kmodes` to install.
Alternately, you can install this by running `pip install pycaret[models]`
2025-12-15 18:22:35,864:INFO:Engine successfully changes for model 'dbscan' to 'sklearn'.
2025-12-15 18:22:35,864:WARNING:
'kmodes' is a soft dependency and not included in the pycaret installation. Please run: `pip install kmodes` to install.
Alternately, you can install this by running `pip install pycaret[models]`
2025-12-15 18:22:35,864:WARNING:
'kmodes' is a soft dependency and not included in the pycaret installation. Please run: `pip install kmodes` to install.
Alternately, you can install this by running `pip install pycaret[models]`
2025-12-15 18:22:35,871:INFO:Preparing preprocessing pipeline...
2025-12-15 18:22:35,871:INFO:Set up simple imputation.
2025-12-15 18:22:35,874:INFO:Finished creating preprocessing pipeline.
2025-12-15 18:22:35,874:INFO:Pipeline: Pipeline(memory=FastMemory(location=C:\Users\awolski\AppData\Local\Temp\joblib),
         steps=[('numerical_imputer',
                 TransformerWrapper(include=['pytanie_1', 'pytanie_2',
                                             'pytanie_3', 'pytanie_4',
                                             'pytanie_5'],
                                    transformer=SimpleImputer())),
                ('categorical_imputer',
                 TransformerWrapper(include=[],
                                    transformer=SimpleImputer(strategy='most_frequent')))])
2025-12-15 18:22:35,888:INFO:Creating final display dataframe.
2025-12-15 18:22:35,889:INFO:Setup _display_container:                Description                 Value
0               Session id                  7372
1      Original data shape              (100, 5)
2   Transformed data shape              (100, 5)
3         Numeric features                     5
4               Preprocess                  True
5          Imputation type                simple
6       Numeric imputation                  mean
7   Categorical imputation                  mode
8                 CPU Jobs                    -1
9                  Use GPU                 False
10          Log Experiment                 False
11         Experiment Name  cluster-default-name
12                     USI                  58e8
2025-12-15 18:22:35,889:WARNING:
'kmodes' is a soft dependency and not included in the pycaret installation. Please run: `pip install kmodes` to install.
Alternately, you can install this by running `pip install pycaret[models]`
2025-12-15 18:22:35,889:WARNING:
'kmodes' is a soft dependency and not included in the pycaret installation. Please run: `pip install kmodes` to install.
Alternately, you can install this by running `pip install pycaret[models]`
2025-12-15 18:22:35,904:WARNING:C:\Users\awolski\AppData\Local\miniconda3\envs\od_zera_do_ai\Lib\site-packages\pycaret\internal\metrics.py:51: FutureWarning: The `needs_threshold` and `needs_proba` parameter are deprecated in version 1.4 and will be removed in 1.6. You can either let `response_method` be `None` or set it to `predict` to preserve the same behaviour.
  warnings.warn(

2025-12-15 18:22:35,905:INFO:setup() successfully completed in 0.05s...............
2025-12-15 18:22:35,905:INFO:Initializing create_model()
2025-12-15 18:22:35,905:INFO:create_model(self=<pycaret.clustering.oop.ClusteringExperiment object at 0x00000239B34DAB10>, estimator=kmeans, num_clusters=4, fraction=0.05, ground_truth=None, round=4, fit_kwargs=None, experiment_custom_tags=None, verbose=True, system=True, add_to_model_list=True, raise_num_clusters=False, display=None, kwargs={})
2025-12-15 18:22:35,905:INFO:Checking exceptions
2025-12-15 18:22:35,917:INFO:Importing untrained model
2025-12-15 18:22:35,917:INFO:K-Means Clustering Imported successfully
2025-12-15 18:22:35,917:INFO:Fitting Model
2025-12-15 18:22:35,922:INFO:KMeans(n_clusters=4, random_state=7372)
2025-12-15 18:22:35,922:INFO:create_models() successfully completed......................................
2025-12-15 18:22:35,922:INFO:Uploading results into container
2025-12-15 18:22:35,922:INFO:Uploading model into container now
2025-12-15 18:22:35,942:INFO:_master_model_container: 1
2025-12-15 18:22:35,942:INFO:_display_container: 2
2025-12-15 18:22:35,942:INFO:KMeans(n_clusters=4, random_state=7372)
2025-12-15 18:22:35,942:INFO:create_model() successfully completed......................................
2025-12-15 18:22:36,005:INFO:Initializing assign_model()
2025-12-15 18:22:36,020:INFO:assign_model(self=<pycaret.clustering.oop.ClusteringExperiment object at 0x00000239B34DAB10>, model=KMeans(n_clusters=4, random_state=7372), transformation=False, score=True, verbose=True)
2025-12-15 18:22:36,020:INFO:Checking exceptions
2025-12-15 18:22:36,020:INFO:Determining Trained Model
2025-12-15 18:22:36,021:INFO:Trained Model : K-Means Clustering
2025-12-15 18:22:36,021:INFO:Copying data
2025-12-15 18:22:36,021:INFO:(100, 6)
2025-12-15 18:22:36,021:INFO:assign_model() successfully completed......................................
2025-12-15 18:33:56,294:WARNING:
'cuml' is a soft dependency and not included in the pycaret installation. Please run: `pip install cuml` to install.
2025-12-15 18:33:56,294:WARNING:
'cuml' is a soft dependency and not included in the pycaret installation. Please run: `pip install cuml` to install.
2025-12-15 18:33:56,294:WARNING:
'cuml' is a soft dependency and not included in the pycaret installation. Please run: `pip install cuml` to install.
2025-12-15 18:33:56,294:WARNING:
'cuml' is a soft dependency and not included in the pycaret installation. Please run: `pip install cuml` to install.
2025-12-15 18:34:13,393:INFO:PyCaret ClusteringExperiment
2025-12-15 18:34:13,394:INFO:Logging name: cluster-default-name
2025-12-15 18:34:13,394:INFO:ML Usecase: MLUsecase.CLUSTERING
2025-12-15 18:34:13,394:INFO:version 3.3.0
2025-12-15 18:34:13,394:INFO:Initializing setup()
2025-12-15 18:34:13,394:INFO:self.USI: ace8
2025-12-15 18:34:13,394:INFO:self._variable_keys: {'USI', 'n_jobs_param', '_available_plots', 'memory', 'exp_id', 'X', 'exp_name_log', 'log_plots_param', '_ml_usecase', 'idx', 'pipeline', 'data', 'logging_param', 'gpu_n_jobs_param', 'seed', 'gpu_param', 'html_param'}
2025-12-15 18:34:13,394:INFO:Checking environment
2025-12-15 18:34:13,394:INFO:python_version: 3.11.14
2025-12-15 18:34:13,394:INFO:python_build: ('main', 'Oct 21 2025 18:30:03')
2025-12-15 18:34:13,394:INFO:machine: AMD64
2025-12-15 18:34:13,416:INFO:platform: Windows-10-10.0.22631-SP0
2025-12-15 18:34:13,417:INFO:Memory: svmem(total=16849256448, available=2378436608, percent=85.9, used=14470819840, free=2378436608)
2025-12-15 18:34:13,417:INFO:Physical Core: 10
2025-12-15 18:34:13,417:INFO:Logical Core: 12
2025-12-15 18:34:13,417:INFO:Checking libraries
2025-12-15 18:34:13,417:INFO:System:
2025-12-15 18:34:13,417:INFO:    python: 3.11.14 | packaged by Anaconda, Inc. | (main, Oct 21 2025, 18:30:03) [MSC v.1929 64 bit (AMD64)]
2025-12-15 18:34:13,417:INFO:executable: C:\Users\awolski\AppData\Local\miniconda3\envs\od_zera_do_ai\python.exe
2025-12-15 18:34:13,417:INFO:   machine: Windows-10-10.0.22631-SP0
2025-12-15 18:34:13,417:INFO:PyCaret required dependencies:
2025-12-15 18:34:13,417:WARNING:C:\Users\awolski\AppData\Local\miniconda3\envs\od_zera_do_ai\Lib\site-packages\_distutils_hack\__init__.py:30: UserWarning: Setuptools is replacing distutils. Support for replacing an already imported distutils is deprecated. In the future, this condition will fail. Register concerns at https://github.com/pypa/setuptools/issues/new?template=distutils-deprecation.yml
  warnings.warn(

2025-12-15 18:34:13,450:INFO:                 pip: 25.3
2025-12-15 18:34:13,450:INFO:          setuptools: 80.9.0
2025-12-15 18:34:13,450:INFO:             pycaret: 3.3.0
2025-12-15 18:34:13,450:INFO:             IPython: 9.7.0
2025-12-15 18:34:13,450:INFO:          ipywidgets: 8.1.8
2025-12-15 18:34:13,450:INFO:                tqdm: 4.67.1
2025-12-15 18:34:13,450:INFO:               numpy: 1.26.4
2025-12-15 18:34:13,450:INFO:              pandas: 2.1.4
2025-12-15 18:34:13,450:INFO:              jinja2: 3.1.6
2025-12-15 18:34:13,450:INFO:               scipy: 1.11.4
2025-12-15 18:34:13,450:INFO:              joblib: 1.3.2
2025-12-15 18:34:13,450:INFO:             sklearn: 1.4.2
2025-12-15 18:34:13,450:INFO:                pyod: 2.0.5
2025-12-15 18:34:13,450:INFO:            imblearn: 0.14.0
2025-12-15 18:34:13,450:INFO:   category_encoders: 2.6.0
2025-12-15 18:34:13,450:INFO:            lightgbm: 4.6.0
2025-12-15 18:34:13,450:INFO:               numba: 0.62.1
2025-12-15 18:34:13,450:INFO:            requests: 2.32.5
2025-12-15 18:34:13,450:INFO:          matplotlib: 3.7.5
2025-12-15 18:34:13,450:INFO:          scikitplot: 0.3.7
2025-12-15 18:34:13,450:INFO:         yellowbrick: 1.5
2025-12-15 18:34:13,450:INFO:              plotly: 6.5.0
2025-12-15 18:34:13,450:INFO:    plotly-resampler: Not installed
2025-12-15 18:34:13,450:INFO:             kaleido: 1.2.0
2025-12-15 18:34:13,450:INFO:           schemdraw: 0.15
2025-12-15 18:34:13,450:INFO:         statsmodels: 0.14.5
2025-12-15 18:34:13,450:INFO:              sktime: 0.40.1
2025-12-15 18:34:13,450:INFO:               tbats: 1.1.3
2025-12-15 18:34:13,450:INFO:            pmdarima: 2.0.4
2025-12-15 18:34:13,450:INFO:              psutil: 7.1.3
2025-12-15 18:34:13,450:INFO:          markupsafe: 3.0.3
2025-12-15 18:34:13,450:INFO:             pickle5: Not installed
2025-12-15 18:34:13,450:INFO:         cloudpickle: 3.1.2
2025-12-15 18:34:13,450:INFO:         deprecation: 2.1.0
2025-12-15 18:34:13,450:INFO:              xxhash: 3.6.0
2025-12-15 18:34:13,450:INFO:           wurlitzer: Not installed
2025-12-15 18:34:13,450:INFO:PyCaret optional dependencies:
2025-12-15 18:34:13,472:INFO:                shap: Not installed
2025-12-15 18:34:13,472:INFO:           interpret: Not installed
2025-12-15 18:34:13,472:INFO:                umap: Not installed
2025-12-15 18:34:13,472:INFO:     ydata_profiling: Not installed
2025-12-15 18:34:13,472:INFO:  explainerdashboard: Not installed
2025-12-15 18:34:13,472:INFO:             autoviz: Not installed
2025-12-15 18:34:13,472:INFO:           fairlearn: Not installed
2025-12-15 18:34:13,472:INFO:          deepchecks: Not installed
2025-12-15 18:34:13,472:INFO:             xgboost: Not installed
2025-12-15 18:34:13,472:INFO:            catboost: Not installed
2025-12-15 18:34:13,472:INFO:              kmodes: Not installed
2025-12-15 18:34:13,472:INFO:             mlxtend: Not installed
2025-12-15 18:34:13,472:INFO:       statsforecast: Not installed
2025-12-15 18:34:13,472:INFO:        tune_sklearn: Not installed
2025-12-15 18:34:13,472:INFO:                 ray: Not installed
2025-12-15 18:34:13,472:INFO:            hyperopt: Not installed
2025-12-15 18:34:13,472:INFO:              optuna: Not installed
2025-12-15 18:34:13,473:INFO:               skopt: Not installed
2025-12-15 18:34:13,473:INFO:              mlflow: Not installed
2025-12-15 18:34:13,473:INFO:              gradio: Not installed
2025-12-15 18:34:13,473:INFO:             fastapi: Not installed
2025-12-15 18:34:13,473:INFO:             uvicorn: Not installed
2025-12-15 18:34:13,473:INFO:              m2cgen: Not installed
2025-12-15 18:34:13,473:INFO:           evidently: Not installed
2025-12-15 18:34:13,473:INFO:               fugue: Not installed
2025-12-15 18:34:13,473:INFO:           streamlit: 1.51.0
2025-12-15 18:34:13,473:INFO:             prophet: Not installed
2025-12-15 18:34:13,473:INFO:None
2025-12-15 18:34:13,473:INFO:Set up data.
2025-12-15 18:34:13,475:INFO:Set up index.
2025-12-15 18:34:13,475:INFO:Assigning column types.
2025-12-15 18:34:13,477:INFO:Engine successfully changes for model 'kmeans' to 'sklearn'.
2025-12-15 18:34:13,477:INFO:Engine for model 'dbscan' has not been set explicitly, hence returning None.
2025-12-15 18:34:13,478:WARNING:
'kmodes' is a soft dependency and not included in the pycaret installation. Please run: `pip install kmodes` to install.
Alternately, you can install this by running `pip install pycaret[models]`
2025-12-15 18:34:13,478:INFO:Engine for model 'dbscan' has not been set explicitly, hence returning None.
2025-12-15 18:34:13,478:WARNING:
'kmodes' is a soft dependency and not included in the pycaret installation. Please run: `pip install kmodes` to install.
Alternately, you can install this by running `pip install pycaret[models]`
2025-12-15 18:34:13,478:INFO:Engine successfully changes for model 'dbscan' to 'sklearn'.
2025-12-15 18:34:13,478:WARNING:
'kmodes' is a soft dependency and not included in the pycaret installation. Please run: `pip install kmodes` to install.
Alternately, you can install this by running `pip install pycaret[models]`
2025-12-15 18:34:13,478:WARNING:
'kmodes' is a soft dependency and not included in the pycaret installation. Please run: `pip install kmodes` to install.
Alternately, you can install this by running `pip install pycaret[models]`
2025-12-15 18:34:13,480:INFO:Preparing preprocessing pipeline...
2025-12-15 18:34:13,480:INFO:Set up simple imputation.
2025-12-15 18:34:13,495:INFO:Finished creating preprocessing pipeline.
2025-12-15 18:34:13,499:INFO:Pipeline: Pipeline(memory=FastMemory(location=C:\Users\awolski\AppData\Local\Temp\joblib),
         steps=[('numerical_imputer',
                 TransformerWrapper(include=['pytanie_1', 'pytanie_2',
                                             'pytanie_3', 'pytanie_4',
                                             'pytanie_5'],
                                    transformer=SimpleImputer())),
                ('categorical_imputer',
                 TransformerWrapper(include=[],
                                    transformer=SimpleImputer(strategy='most_frequent')))])
2025-12-15 18:34:13,499:INFO:Creating final display dataframe.
2025-12-15 18:34:13,515:INFO:Setup _display_container:                Description                 Value
0               Session id                  1706
1      Original data shape              (100, 5)
2   Transformed data shape              (100, 5)
3         Numeric features                     5
4               Preprocess                  True
5          Imputation type                simple
6       Numeric imputation                  mean
7   Categorical imputation                  mode
8                 CPU Jobs                    -1
9                  Use GPU                 False
10          Log Experiment                 False
11         Experiment Name  cluster-default-name
12                     USI                  ace8
2025-12-15 18:34:13,515:WARNING:
'kmodes' is a soft dependency and not included in the pycaret installation. Please run: `pip install kmodes` to install.
Alternately, you can install this by running `pip install pycaret[models]`
2025-12-15 18:34:13,515:WARNING:
'kmodes' is a soft dependency and not included in the pycaret installation. Please run: `pip install kmodes` to install.
Alternately, you can install this by running `pip install pycaret[models]`
2025-12-15 18:34:13,515:WARNING:C:\Users\awolski\AppData\Local\miniconda3\envs\od_zera_do_ai\Lib\site-packages\pycaret\internal\metrics.py:51: FutureWarning: The `needs_threshold` and `needs_proba` parameter are deprecated in version 1.4 and will be removed in 1.6. You can either let `response_method` be `None` or set it to `predict` to preserve the same behaviour.
  warnings.warn(

2025-12-15 18:34:13,515:INFO:setup() successfully completed in 0.13s...............
2025-12-15 18:34:13,515:INFO:Initializing create_model()
2025-12-15 18:34:13,515:INFO:create_model(self=<pycaret.clustering.oop.ClusteringExperiment object at 0x00000147A0CCCFD0>, estimator=kmeans, num_clusters=4, fraction=0.05, ground_truth=None, round=4, fit_kwargs=None, experiment_custom_tags=None, verbose=True, system=True, add_to_model_list=True, raise_num_clusters=False, display=None, kwargs={})
2025-12-15 18:34:13,515:INFO:Checking exceptions
2025-12-15 18:34:13,530:INFO:Importing untrained model
2025-12-15 18:34:13,530:INFO:K-Means Clustering Imported successfully
2025-12-15 18:34:13,530:INFO:Fitting Model
2025-12-15 18:34:13,626:WARNING:C:\Users\awolski\AppData\Local\miniconda3\envs\od_zera_do_ai\Lib\site-packages\joblib\externals\loky\backend\context.py:136: UserWarning: Could not find the number of physical cores for the following reason:
found 0 physical cores < 1
Returning the number of logical cores instead. You can silence this warning by setting LOKY_MAX_CPU_COUNT to the number of cores you want to use.
  warnings.warn(

2025-12-15 18:34:13,628:WARNING:  File "C:\Users\awolski\AppData\Local\miniconda3\envs\od_zera_do_ai\Lib\site-packages\joblib\externals\loky\backend\context.py", line 282, in _count_physical_cores
2025-12-15 18:34:13,628:WARNING:    raise ValueError(f"found {cpu_count_physical} physical cores < 1")
2025-12-15 18:34:13,638:INFO:KMeans(n_clusters=4, random_state=1706)
2025-12-15 18:34:13,638:INFO:create_models() successfully completed......................................
2025-12-15 18:34:13,638:INFO:Uploading results into container
2025-12-15 18:34:13,639:INFO:Uploading model into container now
2025-12-15 18:34:13,643:INFO:_master_model_container: 1
2025-12-15 18:34:13,643:INFO:_display_container: 2
2025-12-15 18:34:13,643:INFO:KMeans(n_clusters=4, random_state=1706)
2025-12-15 18:34:13,643:INFO:create_model() successfully completed......................................
2025-12-15 18:34:13,716:INFO:Initializing assign_model()
2025-12-15 18:34:13,716:INFO:assign_model(self=<pycaret.clustering.oop.ClusteringExperiment object at 0x00000147A0CCCFD0>, model=KMeans(n_clusters=4, random_state=1706), transformation=False, score=True, verbose=True)
2025-12-15 18:34:13,716:INFO:Checking exceptions
2025-12-15 18:34:13,716:INFO:Determining Trained Model
2025-12-15 18:34:13,716:INFO:Trained Model : K-Means Clustering
2025-12-15 18:34:13,716:INFO:Copying data
2025-12-15 18:34:13,716:INFO:(100, 6)
2025-12-15 18:34:13,716:INFO:assign_model() successfully completed......................................
2025-12-15 22:38:04,106:WARNING:
'cuml' is a soft dependency and not included in the pycaret installation. Please run: `pip install cuml` to install.
2025-12-15 22:38:04,108:WARNING:
'cuml' is a soft dependency and not included in the pycaret installation. Please run: `pip install cuml` to install.
2025-12-15 22:38:04,108:WARNING:
'cuml' is a soft dependency and not included in the pycaret installation. Please run: `pip install cuml` to install.
2025-12-15 22:38:04,108:WARNING:
'cuml' is a soft dependency and not included in the pycaret installation. Please run: `pip install cuml` to install.
2025-12-15 22:38:30,539:INFO:PyCaret ClusteringExperiment
2025-12-15 22:38:30,539:INFO:Logging name: cluster-default-name
2025-12-15 22:38:30,539:INFO:ML Usecase: MLUsecase.CLUSTERING
2025-12-15 22:38:30,539:INFO:version 3.3.2
2025-12-15 22:38:30,540:INFO:Initializing setup()
2025-12-15 22:38:30,540:INFO:self.USI: 85ac
2025-12-15 22:38:30,540:INFO:self._variable_keys: {'n_jobs_param', 'exp_id', '_available_plots', 'html_param', 'X', 'seed', 'idx', 'pipeline', 'data', 'USI', '_ml_usecase', 'log_plots_param', 'gpu_n_jobs_param', 'logging_param', 'memory', 'exp_name_log', 'gpu_param'}
2025-12-15 22:38:30,540:INFO:Checking environment
2025-12-15 22:38:30,540:INFO:python_version: 3.11.14
2025-12-15 22:38:30,540:INFO:python_build: ('main', 'Oct 21 2025 18:30:03')
2025-12-15 22:38:30,540:INFO:machine: AMD64
2025-12-15 22:38:30,561:INFO:platform: Windows-10-10.0.22631-SP0
2025-12-15 22:38:30,568:INFO:Memory: svmem(total=16849256448, available=1982128128, percent=88.2, used=14867128320, free=1982128128)
2025-12-15 22:38:30,568:INFO:Physical Core: 10
2025-12-15 22:38:30,568:INFO:Logical Core: 12
2025-12-15 22:38:30,568:INFO:Checking libraries
2025-12-15 22:38:30,568:INFO:System:
2025-12-15 22:38:30,568:INFO:    python: 3.11.14 | packaged by Anaconda, Inc. | (main, Oct 21 2025, 18:30:03) [MSC v.1929 64 bit (AMD64)]
2025-12-15 22:38:30,568:INFO:executable: C:\Users\awolski\AppData\Local\miniconda3\envs\od_zera_do_ai\python.exe
2025-12-15 22:38:30,568:INFO:   machine: Windows-10-10.0.22631-SP0
2025-12-15 22:38:30,568:INFO:PyCaret required dependencies:
2025-12-15 22:38:30,572:WARNING:C:\Users\awolski\AppData\Local\miniconda3\envs\od_zera_do_ai\Lib\site-packages\_distutils_hack\__init__.py:30: UserWarning: Setuptools is replacing distutils. Support for replacing an already imported distutils is deprecated. In the future, this condition will fail. Register concerns at https://github.com/pypa/setuptools/issues/new?template=distutils-deprecation.yml
  warnings.warn(

2025-12-15 22:38:30,709:INFO:                 pip: 25.3
2025-12-15 22:38:30,709:INFO:          setuptools: 80.9.0
2025-12-15 22:38:30,709:INFO:             pycaret: 3.3.2
2025-12-15 22:38:30,709:INFO:             IPython: 9.7.0
2025-12-15 22:38:30,709:INFO:          ipywidgets: 8.1.8
2025-12-15 22:38:30,709:INFO:                tqdm: 4.67.1
2025-12-15 22:38:30,709:INFO:               numpy: 1.26.4
2025-12-15 22:38:30,709:INFO:              pandas: 2.1.4
2025-12-15 22:38:30,709:INFO:              jinja2: 3.1.6
2025-12-15 22:38:30,710:INFO:               scipy: 1.11.4
2025-12-15 22:38:30,710:INFO:              joblib: 1.3.2
2025-12-15 22:38:30,710:INFO:             sklearn: 1.4.2
2025-12-15 22:38:30,710:INFO:                pyod: 2.0.5
2025-12-15 22:38:30,710:INFO:            imblearn: 0.14.0
2025-12-15 22:38:30,710:INFO:   category_encoders: 2.6.0
2025-12-15 22:38:30,710:INFO:            lightgbm: 4.6.0
2025-12-15 22:38:30,710:INFO:               numba: 0.62.1
2025-12-15 22:38:30,710:INFO:            requests: 2.32.5
2025-12-15 22:38:30,710:INFO:          matplotlib: 3.7.5
2025-12-15 22:38:30,710:INFO:          scikitplot: 0.3.7
2025-12-15 22:38:30,710:INFO:         yellowbrick: 1.5
2025-12-15 22:38:30,710:INFO:              plotly: 6.5.0
2025-12-15 22:38:30,710:INFO:    plotly-resampler: Not installed
2025-12-15 22:38:30,710:INFO:             kaleido: 1.2.0
2025-12-15 22:38:30,710:INFO:           schemdraw: 0.15
2025-12-15 22:38:30,710:INFO:         statsmodels: 0.14.5
2025-12-15 22:38:30,710:INFO:              sktime: 0.26.0
2025-12-15 22:38:30,710:INFO:               tbats: 1.1.3
2025-12-15 22:38:30,710:INFO:            pmdarima: 2.0.4
2025-12-15 22:38:30,710:INFO:              psutil: 7.1.3
2025-12-15 22:38:30,710:INFO:          markupsafe: 3.0.3
2025-12-15 22:38:30,710:INFO:             pickle5: Not installed
2025-12-15 22:38:30,711:INFO:         cloudpickle: 3.1.2
2025-12-15 22:38:30,711:INFO:         deprecation: 2.1.0
2025-12-15 22:38:30,711:INFO:              xxhash: 3.6.0
2025-12-15 22:38:30,711:INFO:           wurlitzer: Not installed
2025-12-15 22:38:30,711:INFO:PyCaret optional dependencies:
2025-12-15 22:38:30,722:INFO:                shap: Not installed
2025-12-15 22:38:30,722:INFO:           interpret: Not installed
2025-12-15 22:38:30,722:INFO:                umap: Not installed
2025-12-15 22:38:30,723:INFO:     ydata_profiling: Not installed
2025-12-15 22:38:30,723:INFO:  explainerdashboard: Not installed
2025-12-15 22:38:30,723:INFO:             autoviz: Not installed
2025-12-15 22:38:30,723:INFO:           fairlearn: Not installed
2025-12-15 22:38:30,723:INFO:          deepchecks: Not installed
2025-12-15 22:38:30,723:INFO:             xgboost: Not installed
2025-12-15 22:38:30,723:INFO:            catboost: Not installed
2025-12-15 22:38:30,723:INFO:              kmodes: Not installed
2025-12-15 22:38:30,723:INFO:             mlxtend: Not installed
2025-12-15 22:38:30,723:INFO:       statsforecast: Not installed
2025-12-15 22:38:30,723:INFO:        tune_sklearn: Not installed
2025-12-15 22:38:30,723:INFO:                 ray: Not installed
2025-12-15 22:38:30,723:INFO:            hyperopt: Not installed
2025-12-15 22:38:30,723:INFO:              optuna: Not installed
2025-12-15 22:38:30,723:INFO:               skopt: Not installed
2025-12-15 22:38:30,723:INFO:              mlflow: Not installed
2025-12-15 22:38:30,723:INFO:              gradio: Not installed
2025-12-15 22:38:30,723:INFO:             fastapi: Not installed
2025-12-15 22:38:30,723:INFO:             uvicorn: Not installed
2025-12-15 22:38:30,723:INFO:              m2cgen: Not installed
2025-12-15 22:38:30,723:INFO:           evidently: Not installed
2025-12-15 22:38:30,723:INFO:               fugue: Not installed
2025-12-15 22:38:30,724:INFO:           streamlit: 1.51.0
2025-12-15 22:38:30,724:INFO:             prophet: Not installed
2025-12-15 22:38:30,724:INFO:None
2025-12-15 22:38:30,724:INFO:Set up data.
2025-12-15 22:38:30,727:INFO:Set up index.
2025-12-15 22:38:30,727:INFO:Assigning column types.
2025-12-15 22:38:30,731:INFO:Engine successfully changes for model 'kmeans' to 'sklearn'.
2025-12-15 22:38:30,731:INFO:Engine for model 'dbscan' has not been set explicitly, hence returning None.
2025-12-15 22:38:30,731:WARNING:
'kmodes' is a soft dependency and not included in the pycaret installation. Please run: `pip install kmodes` to install.
Alternately, you can install this by running `pip install pycaret[models]`
2025-12-15 22:38:30,731:INFO:Engine for model 'dbscan' has not been set explicitly, hence returning None.
2025-12-15 22:38:30,732:WARNING:
'kmodes' is a soft dependency and not included in the pycaret installation. Please run: `pip install kmodes` to install.
Alternately, you can install this by running `pip install pycaret[models]`
2025-12-15 22:38:30,732:INFO:Engine successfully changes for model 'dbscan' to 'sklearn'.
2025-12-15 22:38:30,732:WARNING:
'kmodes' is a soft dependency and not included in the pycaret installation. Please run: `pip install kmodes` to install.
Alternately, you can install this by running `pip install pycaret[models]`
2025-12-15 22:38:30,732:WARNING:
'kmodes' is a soft dependency and not included in the pycaret installation. Please run: `pip install kmodes` to install.
Alternately, you can install this by running `pip install pycaret[models]`
2025-12-15 22:38:30,734:INFO:Preparing preprocessing pipeline...
2025-12-15 22:38:30,734:INFO:Set up simple imputation.
2025-12-15 22:38:30,759:INFO:Finished creating preprocessing pipeline.
2025-12-15 22:38:30,763:INFO:Pipeline: Pipeline(memory=FastMemory(location=C:\Users\awolski\AppData\Local\Temp\joblib),
         steps=[('numerical_imputer',
                 TransformerWrapper(include=['pytanie_1', 'pytanie_2',
                                             'pytanie_3', 'pytanie_4',
                                             'pytanie_5'],
                                    transformer=SimpleImputer())),
                ('categorical_imputer',
                 TransformerWrapper(include=[],
                                    transformer=SimpleImputer(strategy='most_frequent')))])
2025-12-15 22:38:30,763:INFO:Creating final display dataframe.
2025-12-15 22:38:30,786:INFO:Setup _display_container:                Description                 Value
0               Session id                   215
1      Original data shape              (100, 5)
2   Transformed data shape              (100, 5)
3         Numeric features                     5
4               Preprocess                  True
5          Imputation type                simple
6       Numeric imputation                  mean
7   Categorical imputation                  mode
8                 CPU Jobs                    -1
9                  Use GPU                 False
10          Log Experiment                 False
11         Experiment Name  cluster-default-name
12                     USI                  85ac
2025-12-15 22:38:30,786:WARNING:
'kmodes' is a soft dependency and not included in the pycaret installation. Please run: `pip install kmodes` to install.
Alternately, you can install this by running `pip install pycaret[models]`
2025-12-15 22:38:30,786:WARNING:
'kmodes' is a soft dependency and not included in the pycaret installation. Please run: `pip install kmodes` to install.
Alternately, you can install this by running `pip install pycaret[models]`
2025-12-15 22:38:30,787:INFO:setup() successfully completed in 0.25s...............
2025-12-15 22:38:30,787:INFO:Initializing create_model()
2025-12-15 22:38:30,787:INFO:create_model(self=<pycaret.clustering.oop.ClusteringExperiment object at 0x00000246572B6B10>, estimator=kmeans, num_clusters=4, fraction=0.05, ground_truth=None, round=4, fit_kwargs=None, experiment_custom_tags=None, verbose=True, system=True, add_to_model_list=True, raise_num_clusters=False, display=None, kwargs={})
2025-12-15 22:38:30,787:INFO:Checking exceptions
2025-12-15 22:38:30,802:INFO:Importing untrained model
2025-12-15 22:38:30,802:INFO:K-Means Clustering Imported successfully
2025-12-15 22:38:30,803:INFO:Fitting Model
2025-12-15 22:38:30,904:WARNING:C:\Users\awolski\AppData\Local\miniconda3\envs\od_zera_do_ai\Lib\site-packages\joblib\externals\loky\backend\context.py:136: UserWarning: Could not find the number of physical cores for the following reason:
found 0 physical cores < 1
Returning the number of logical cores instead. You can silence this warning by setting LOKY_MAX_CPU_COUNT to the number of cores you want to use.
  warnings.warn(

2025-12-15 22:38:30,905:WARNING:  File "C:\Users\awolski\AppData\Local\miniconda3\envs\od_zera_do_ai\Lib\site-packages\joblib\externals\loky\backend\context.py", line 282, in _count_physical_cores
2025-12-15 22:38:30,907:WARNING:    raise ValueError(f"found {cpu_count_physical} physical cores < 1")
2025-12-15 22:38:30,920:INFO:KMeans(n_clusters=4, random_state=215)
2025-12-15 22:38:30,920:INFO:create_models() successfully completed......................................
2025-12-15 22:38:30,920:INFO:Uploading results into container
2025-12-15 22:38:30,921:INFO:Uploading model into container now
2025-12-15 22:38:30,928:INFO:_master_model_container: 1
2025-12-15 22:38:30,928:INFO:_display_container: 2
2025-12-15 22:38:30,928:INFO:KMeans(n_clusters=4, random_state=215)
2025-12-15 22:38:30,928:INFO:create_model() successfully completed......................................
2025-12-15 22:38:31,004:INFO:Initializing assign_model()
2025-12-15 22:38:31,004:INFO:assign_model(self=<pycaret.clustering.oop.ClusteringExperiment object at 0x00000246572B6B10>, model=KMeans(n_clusters=4, random_state=215), transformation=False, score=True, verbose=True)
2025-12-15 22:38:31,004:INFO:Checking exceptions
2025-12-15 22:38:31,004:INFO:Determining Trained Model
2025-12-15 22:38:31,004:INFO:Trained Model : K-Means Clustering
2025-12-15 22:38:31,004:INFO:Copying data
2025-12-15 22:38:31,005:INFO:(100, 6)
2025-12-15 22:38:31,005:INFO:assign_model() successfully completed......................................
